{"level":"info","message":"⌛ Validating practica.wlk","timeElapsed":309,"timestamp":"2024-11-08T14:41:49.840Z"}
{"level":"info","message":"⌛ Validating practica.wlk","timeElapsed":306,"timestamp":"2024-11-08T14:41:50.778Z"}
{"level":"info","message":"⌛ Validating practica.wlk","timeElapsed":289,"timestamp":"2024-11-08T14:41:50.778Z"}
{"level":"info","message":"⌛ Validating practica.wlk","timeElapsed":315,"timestamp":"2024-11-08T14:41:50.779Z"}
{"level":"info","message":"⌛ Validating practica.wlk","timeElapsed":311,"timestamp":"2024-11-08T14:41:51.096Z"}
{"level":"info","message":"⌛ Validating practica.wlk","timeElapsed":301,"timestamp":"2024-11-08T14:41:51.399Z"}
{"level":"info","message":"⌛ Building environment","timeElapsed":584,"timestamp":"2024-11-08T14:41:51.986Z"}
{"level":"info","message":"⌛ Building environment","timeElapsed":325,"timestamp":"2024-11-08T14:41:52.345Z"}
{"level":"info","message":"⌛ Validating practica.wlk","timeElapsed":350,"timestamp":"2024-11-08T14:41:52.713Z"}
{"level":"info","message":"⌛ Validating practica.wlk","timeElapsed":306,"timestamp":"2024-11-08T14:41:53.020Z"}
{"level":"info","message":"⌛ Validating practica.wlk","timeElapsed":449,"timestamp":"2024-11-08T14:41:53.470Z"}
{"level":"info","message":"⌛ Validating practica.wlk","timeElapsed":365,"timestamp":"2024-11-08T14:41:53.836Z"}
{"level":"info","message":"⌛ Building environment","timeElapsed":490,"timestamp":"2024-11-08T14:41:54.689Z"}
{"level":"info","message":"⌛ Building environment","timeElapsed":382,"timestamp":"2024-11-08T14:41:55.162Z"}
{"level":"info","message":"⌛ Building environment","timeElapsed":275,"timestamp":"2024-11-08T14:41:55.439Z"}
{"level":"info","message":"⌛ Building environment","timeElapsed":553,"timestamp":"2024-11-08T14:41:55.997Z"}
{"level":"info","message":"⌛ Validating practica.wlk","timeElapsed":460,"timestamp":"2024-11-08T14:41:56.481Z"}
{"level":"info","message":"⌛ Building environment","timeElapsed":362,"timestamp":"2024-11-08T14:41:56.847Z"}
{"level":"info","message":"⌛ Building environment","timeElapsed":376,"timestamp":"2024-11-08T14:41:57.223Z"}
{"level":"info","message":"⌛ Building environment","timeElapsed":311,"timestamp":"2024-11-08T14:41:57.587Z"}
{"level":"info","message":"⌛ Validating practica.wlk","timeElapsed":341,"timestamp":"2024-11-08T14:41:57.943Z"}
{"level":"info","message":"⌛ Validating practica.wlk","timeElapsed":310,"timestamp":"2024-11-08T14:41:58.264Z"}
{"level":"info","message":"⌛ Validating practica.wlk","timeElapsed":308,"timestamp":"2024-11-08T14:41:58.573Z"}
{"level":"info","message":"⌛ Validating practica.wlk","timeElapsed":325,"timestamp":"2024-11-08T14:41:58.900Z"}
{"level":"info","message":"⌛ Validating practica.wlk","timeElapsed":463,"timestamp":"2024-11-08T14:41:59.364Z"}
{"level":"info","message":"⌛ Validating practica.wlk","timeElapsed":543,"timestamp":"2024-11-08T14:41:59.915Z"}
{"level":"info","message":"⌛ Building environment","timeElapsed":389,"timestamp":"2024-11-08T14:42:00.307Z"}
{"level":"error","message":"✘ Completions for node failed: Error: [Parameter]{38b4af} at practica.wlk:73 exhausted all cases without a match [Parameter]{38b4af} at practica.wlk:73 exhausted all cases without a match","stack":"Error: [Parameter]{38b4af} at practica.wlk:73 exhausted all cases without a match\n    at /home/bruno/.vscode/extensions/uqbar.wollok-lsp-ide-0.3.6/out/server/src/server.js:38:6067\n    at yh (/home/bruno/.vscode/extensions/uqbar.wollok-lsp-ide-0.3.6/out/server/src/server.js:2291:42)\n    at /home/bruno/.vscode/extensions/uqbar.wollok-lsp-ide-0.3.6/out/server/src/server.js:2291:2700\n    at /home/bruno/.vscode/extensions/uqbar.wollok-lsp-ide-0.3.6/out/server/src/server.js:2298:3774\n    at /home/bruno/.vscode/extensions/uqbar.wollok-lsp-ide-0.3.6/out/server/src/server.js:37:74872\n    at Fe (/home/bruno/.vscode/extensions/uqbar.wollok-lsp-ide-0.3.6/out/server/src/server.js:7:8527)\n    at Pt (/home/bruno/.vscode/extensions/uqbar.wollok-lsp-ide-0.3.6/out/server/src/server.js:7:6189)\n    at Gi (/home/bruno/.vscode/extensions/uqbar.wollok-lsp-ide-0.3.6/out/server/src/server.js:7:6378)\n    at Immediate._onImmediate (/home/bruno/.vscode/extensions/uqbar.wollok-lsp-ide-0.3.6/out/server/src/server.js:7:6142)\n    at process.processImmediate (node:internal/timers:483:21)","timestamp":"2024-11-08T14:42:00.375Z"}
{"level":"info","message":"⌛ Building environment","timeElapsed":347,"timestamp":"2024-11-08T14:42:00.731Z"}
{"level":"info","message":"⌛ Building environment","timeElapsed":269,"timestamp":"2024-11-08T14:42:01.001Z"}
{"level":"info","message":"⌛ Building environment","timeElapsed":709,"timestamp":"2024-11-08T14:42:01.733Z"}
{"level":"info","message":"⌛ Building environment","timeElapsed":319,"timestamp":"2024-11-08T14:42:02.088Z"}
{"level":"info","message":"⌛ Building environment","timeElapsed":279,"timestamp":"2024-11-08T14:42:02.370Z"}
{"level":"info","message":"⌛ Validating practica.wlk","timeElapsed":320,"timestamp":"2024-11-08T14:42:02.694Z"}
{"level":"info","message":"⌛ Building environment","timeElapsed":893,"timestamp":"2024-11-08T14:42:03.593Z"}
{"level":"info","message":"⌛ Validating practica.wlk","timeElapsed":991,"timestamp":"2024-11-08T14:42:04.587Z"}
{"level":"info","message":"⌛ Validating practica.wlk","timeElapsed":736,"timestamp":"2024-11-08T14:42:05.353Z"}
{"level":"info","message":"⌛ Building environment","timeElapsed":490,"timestamp":"2024-11-08T14:42:05.853Z"}
{"level":"info","message":"⌛ Building environment","timeElapsed":360,"timestamp":"2024-11-08T14:42:06.215Z"}
{"level":"info","message":"⌛ Building environment","timeElapsed":388,"timestamp":"2024-11-08T14:42:06.604Z"}
{"level":"info","message":"⌛ Validating practica.wlk","timeElapsed":676,"timestamp":"2024-11-08T14:42:07.285Z"}
{"level":"info","message":"⌛ Building environment","timeElapsed":423,"timestamp":"2024-11-08T14:42:07.714Z"}
{"level":"error","message":"✘ Completions for node failed: Error: [Parameter]{4b7715} at practica.wlk:73 exhausted all cases without a match [Parameter]{4b7715} at practica.wlk:73 exhausted all cases without a match","stack":"Error: [Parameter]{4b7715} at practica.wlk:73 exhausted all cases without a match\n    at /home/bruno/.vscode/extensions/uqbar.wollok-lsp-ide-0.3.6/out/server/src/server.js:38:6067\n    at yh (/home/bruno/.vscode/extensions/uqbar.wollok-lsp-ide-0.3.6/out/server/src/server.js:2291:42)\n    at /home/bruno/.vscode/extensions/uqbar.wollok-lsp-ide-0.3.6/out/server/src/server.js:2291:2700\n    at /home/bruno/.vscode/extensions/uqbar.wollok-lsp-ide-0.3.6/out/server/src/server.js:2298:3774\n    at /home/bruno/.vscode/extensions/uqbar.wollok-lsp-ide-0.3.6/out/server/src/server.js:37:74872\n    at Fe (/home/bruno/.vscode/extensions/uqbar.wollok-lsp-ide-0.3.6/out/server/src/server.js:7:8527)\n    at Pt (/home/bruno/.vscode/extensions/uqbar.wollok-lsp-ide-0.3.6/out/server/src/server.js:7:6189)\n    at Gi (/home/bruno/.vscode/extensions/uqbar.wollok-lsp-ide-0.3.6/out/server/src/server.js:7:6378)\n    at Immediate._onImmediate (/home/bruno/.vscode/extensions/uqbar.wollok-lsp-ide-0.3.6/out/server/src/server.js:7:6142)\n    at process.processImmediate (node:internal/timers:483:21)","timestamp":"2024-11-08T14:42:07.860Z"}
{"level":"info","message":"⌛ Autocomplete - Parameter","timeElapsed":142,"timestamp":"2024-11-08T14:42:07.877Z"}
{"level":"info","message":"⌛ Validating practica.wlk","timeElapsed":589,"timestamp":"2024-11-08T14:42:08.467Z"}
{"level":"info","message":"⌛ Validating practica.wlk","timeElapsed":708,"timestamp":"2024-11-08T14:42:09.177Z"}
{"level":"info","message":"⌛ Building environment","timeElapsed":488,"timestamp":"2024-11-08T14:42:09.668Z"}
{"level":"info","message":"⌛ Building environment","timeElapsed":399,"timestamp":"2024-11-08T14:42:10.098Z"}
{"level":"info","message":"⌛ Building environment","timeElapsed":977,"timestamp":"2024-11-08T14:42:11.088Z"}
{"level":"info","message":"⌛ Building environment","timeElapsed":472,"timestamp":"2024-11-08T14:42:11.562Z"}
{"level":"info","message":"⌛ Validating practica.wlk","timeElapsed":602,"timestamp":"2024-11-08T14:42:12.168Z"}
{"level":"info","message":"⌛ Validating practica.wlk","timeElapsed":536,"timestamp":"2024-11-08T14:42:12.732Z"}
{"level":"info","message":"⌛ Validating practica.wlk","timeElapsed":514,"timestamp":"2024-11-08T14:42:13.248Z"}
{"level":"info","message":"⌛ Validating practica.wlk","timeElapsed":392,"timestamp":"2024-11-08T14:42:13.641Z"}
{"level":"info","message":"⌛ Building environment","timeElapsed":273,"timestamp":"2024-11-08T14:42:13.914Z"}
{"level":"info","message":"⌛ Validating practica.wlk","timeElapsed":325,"timestamp":"2024-11-08T14:42:14.250Z"}
{"level":"info","message":"⌛ Validating practica.wlk","timeElapsed":538,"timestamp":"2024-11-08T14:42:14.790Z"}
{"level":"info","message":"⌛ Validating practica.wlk","timeElapsed":634,"timestamp":"2024-11-08T14:42:15.429Z"}
{"level":"info","message":"⌛ Validating practica.wlk","timeElapsed":418,"timestamp":"2024-11-08T14:42:15.849Z"}
{"level":"info","message":"⌛ Validating practica.wlk","timeElapsed":465,"timestamp":"2024-11-08T14:42:16.316Z"}
{"level":"info","message":"⌛ Validating practica.wlk","timeElapsed":628,"timestamp":"2024-11-08T14:42:16.946Z"}
{"level":"info","message":"⌛ Building environment","timeElapsed":492,"timestamp":"2024-11-08T14:42:36.667Z"}
{"level":"info","message":"⌛ Autocomplete - Reference","timeElapsed":284,"timestamp":"2024-11-08T14:42:36.973Z"}
{"level":"info","message":"⌛ Building environment","timeElapsed":456,"timestamp":"2024-11-08T14:42:37.432Z"}
{"level":"info","message":"⌛ Building environment","timeElapsed":364,"timestamp":"2024-11-08T14:42:37.801Z"}
{"level":"info","message":"⌛ Validating practica.wlk","timeElapsed":460,"timestamp":"2024-11-08T14:42:38.262Z"}
{"level":"info","message":"⌛ Building environment","timeElapsed":301,"timestamp":"2024-11-08T14:42:38.567Z"}
{"level":"info","message":"⌛ Building environment","timeElapsed":242,"timestamp":"2024-11-08T14:42:38.810Z"}
{"level":"info","message":"⌛ Building environment","timeElapsed":281,"timestamp":"2024-11-08T14:42:39.119Z"}
{"level":"info","message":"onRequest - completionItem/resolve","timestamp":"2024-11-08T14:42:39.120Z"}
{"level":"info","message":"⌛ Building environment","timeElapsed":303,"timestamp":"2024-11-08T14:42:39.426Z"}
{"level":"info","message":"onRequest - completionItem/resolve","timestamp":"2024-11-08T14:42:39.427Z"}
{"level":"info","message":"⌛ Validating practica.wlk","timeElapsed":399,"timestamp":"2024-11-08T14:42:39.827Z"}
{"level":"info","message":"⌛ Validating practica.wlk","timeElapsed":655,"timestamp":"2024-11-08T14:42:40.517Z"}
{"level":"info","message":"⌛ Building environment","timeElapsed":320,"timestamp":"2024-11-08T14:42:40.839Z"}
{"level":"info","message":"⌛ Building environment","timeElapsed":269,"timestamp":"2024-11-08T14:42:41.131Z"}
{"level":"info","message":"⌛ Validating practica.wlk","timeElapsed":410,"timestamp":"2024-11-08T14:42:41.544Z"}
{"level":"info","message":"⌛ Validating practica.wlk","timeElapsed":665,"timestamp":"2024-11-08T14:42:42.217Z"}
{"level":"info","message":"⌛ Building environment","timeElapsed":366,"timestamp":"2024-11-08T14:42:42.612Z"}
{"level":"info","message":"⌛ Validating practica.wlk","timeElapsed":546,"timestamp":"2024-11-08T14:42:43.242Z"}
{"level":"info","message":"⌛ Validating practica.wlk","timeElapsed":315,"timestamp":"2024-11-08T14:42:43.559Z"}
{"level":"info","message":"⌛ Building environment","timeElapsed":288,"timestamp":"2024-11-08T14:42:43.850Z"}
{"level":"info","message":"⌛ Building environment","timeElapsed":328,"timestamp":"2024-11-08T14:42:44.204Z"}
{"level":"info","message":"⌛ Building environment","timeElapsed":270,"timestamp":"2024-11-08T14:42:44.477Z"}
{"level":"info","message":"⌛ Building environment","timeElapsed":357,"timestamp":"2024-11-08T14:42:44.836Z"}
{"level":"info","message":"⌛ Validating practica.wlk","timeElapsed":519,"timestamp":"2024-11-08T14:42:45.438Z"}
{"level":"info","message":"⌛ Validating practica.wlk","timeElapsed":342,"timestamp":"2024-11-08T14:42:45.781Z"}
{"level":"info","message":"⌛ Validating practica.wlk","timeElapsed":344,"timestamp":"2024-11-08T14:42:46.125Z"}
{"level":"info","message":"⌛ Validating practica.wlk","timeElapsed":319,"timestamp":"2024-11-08T14:42:46.448Z"}
{"level":"info","message":"⌛ Validating practica.wlk","timeElapsed":302,"timestamp":"2024-11-08T14:42:46.751Z"}
{"level":"info","message":"⌛ Validating practica.wlk","timeElapsed":315,"timestamp":"2024-11-08T14:42:47.067Z"}
{"level":"info","message":"⌛ Validating practica.wlk","timeElapsed":319,"timestamp":"2024-11-08T14:42:47.387Z"}
{"level":"info","message":"⌛ Building environment","timeElapsed":463,"timestamp":"2024-11-08T14:42:50.428Z"}
{"level":"info","message":"⌛ Validating practica.wlk","timeElapsed":420,"timestamp":"2024-11-08T14:42:50.864Z"}
{"level":"info","message":"⌛ Building environment","timeElapsed":333,"timestamp":"2024-11-08T14:42:51.204Z"}
{"level":"info","message":"⌛ Validating practica.wlk","timeElapsed":322,"timestamp":"2024-11-08T14:42:51.544Z"}
{"level":"info","message":"⌛ Building environment","timeElapsed":280,"timestamp":"2024-11-08T14:42:51.900Z"}
{"level":"info","message":"⌛ Validating practica.wlk","timeElapsed":317,"timestamp":"2024-11-08T14:42:52.220Z"}
{"level":"info","message":"⌛ Building environment","timeElapsed":370,"timestamp":"2024-11-08T14:42:52.754Z"}
{"level":"info","message":"⌛ Building environment","timeElapsed":587,"timestamp":"2024-11-08T14:42:53.347Z"}
{"level":"info","message":"⌛ Validating practica.wlk","timeElapsed":369,"timestamp":"2024-11-08T14:42:53.792Z"}
{"level":"info","message":"⌛ Building environment","timeElapsed":372,"timestamp":"2024-11-08T14:42:54.167Z"}
{"level":"info","message":"⌛ Building environment","timeElapsed":526,"timestamp":"2024-11-08T14:42:54.746Z"}
{"level":"info","message":"⌛ Validating practica.wlk","timeElapsed":354,"timestamp":"2024-11-08T14:42:55.103Z"}
{"level":"info","message":"⌛ Building environment","timeElapsed":711,"timestamp":"2024-11-08T14:42:55.830Z"}
{"level":"info","message":"⌛ Building environment","timeElapsed":414,"timestamp":"2024-11-08T14:42:56.259Z"}
{"level":"info","message":"⌛ Validating practica.wlk","timeElapsed":341,"timestamp":"2024-11-08T14:42:56.662Z"}
{"level":"info","message":"⌛ Building environment","timeElapsed":732,"timestamp":"2024-11-08T14:42:57.402Z"}
{"level":"info","message":"⌛ Building environment","timeElapsed":480,"timestamp":"2024-11-08T14:42:57.890Z"}
{"level":"info","message":"⌛ Building environment","timeElapsed":393,"timestamp":"2024-11-08T14:42:58.291Z"}
{"level":"info","message":"⌛ Building environment","timeElapsed":416,"timestamp":"2024-11-08T14:42:58.748Z"}
{"level":"info","message":"⌛ Building environment","timeElapsed":275,"timestamp":"2024-11-08T14:42:59.033Z"}
{"level":"info","message":"⌛ Validating practica.wlk","timeElapsed":352,"timestamp":"2024-11-08T14:42:59.386Z"}
{"level":"info","message":"⌛ Building environment","timeElapsed":461,"timestamp":"2024-11-08T14:42:59.857Z"}
{"level":"info","message":"⌛ Building environment","timeElapsed":310,"timestamp":"2024-11-08T14:43:00.169Z"}
{"level":"info","message":"⌛ Building environment","timeElapsed":273,"timestamp":"2024-11-08T14:43:00.471Z"}
{"level":"info","message":"⌛ Validating practica.wlk","timeElapsed":376,"timestamp":"2024-11-08T14:43:00.848Z"}
{"level":"info","message":"⌛ Building environment","timeElapsed":1028,"timestamp":"2024-11-08T14:43:01.892Z"}
{"level":"info","message":"⌛ Building environment","timeElapsed":320,"timestamp":"2024-11-08T14:43:02.214Z"}
{"level":"info","message":"⌛ Building environment","timeElapsed":275,"timestamp":"2024-11-08T14:43:02.503Z"}
{"level":"info","message":"⌛ Building environment","timeElapsed":431,"timestamp":"2024-11-08T14:43:02.937Z"}
{"level":"info","message":"⌛ Validating practica.wlk","timeElapsed":441,"timestamp":"2024-11-08T14:43:03.410Z"}
{"level":"info","message":"⌛ Building environment","timeElapsed":276,"timestamp":"2024-11-08T14:43:03.701Z"}
{"level":"info","message":"⌛ Building environment","timeElapsed":333,"timestamp":"2024-11-08T14:43:04.110Z"}
{"level":"info","message":"⌛ Validating practica.wlk","timeElapsed":557,"timestamp":"2024-11-08T14:43:04.669Z"}
{"level":"info","message":"⌛ Building environment","timeElapsed":354,"timestamp":"2024-11-08T14:43:05.024Z"}
{"level":"info","message":"⌛ Building environment","timeElapsed":263,"timestamp":"2024-11-08T14:43:05.288Z"}
{"level":"info","message":"⌛ Building environment","timeElapsed":267,"timestamp":"2024-11-08T14:43:05.557Z"}
{"level":"info","message":"⌛ Building environment","timeElapsed":288,"timestamp":"2024-11-08T14:43:05.869Z"}
{"level":"info","message":"⌛ Validating practica.wlk","timeElapsed":369,"timestamp":"2024-11-08T14:43:06.241Z"}
{"level":"info","message":"⌛ Building environment","timeElapsed":707,"timestamp":"2024-11-08T14:43:06.956Z"}
{"level":"info","message":"⌛ Building environment","timeElapsed":1635,"timestamp":"2024-11-08T14:43:08.603Z"}
{"level":"info","message":"⌛ Validating practica.wlk","timeElapsed":765,"timestamp":"2024-11-08T14:43:09.371Z"}
{"level":"info","message":"⌛ Building environment","timeElapsed":450,"timestamp":"2024-11-08T14:43:09.825Z"}
{"level":"info","message":"⌛ Building environment","timeElapsed":453,"timestamp":"2024-11-08T14:43:10.283Z"}
{"level":"info","message":"⌛ Building environment","timeElapsed":371,"timestamp":"2024-11-08T14:43:10.657Z"}
{"level":"info","message":"⌛ Validating practica.wlk","timeElapsed":473,"timestamp":"2024-11-08T14:43:11.138Z"}
{"level":"info","message":"⌛ Validating practica.wlk","timeElapsed":414,"timestamp":"2024-11-08T14:43:11.562Z"}
{"level":"info","message":"⌛ Building environment","timeElapsed":355,"timestamp":"2024-11-08T14:43:11.919Z"}
{"level":"info","message":"⌛ Validating practica.wlk","timeElapsed":401,"timestamp":"2024-11-08T14:43:12.321Z"}
{"level":"info","message":"⌛ Validating practica.wlk","timeElapsed":335,"timestamp":"2024-11-08T14:43:12.674Z"}
{"level":"info","message":"⌛ Validating practica.wlk","timeElapsed":292,"timestamp":"2024-11-08T14:43:12.966Z"}
{"level":"info","message":"⌛ Validating practica.wlk","timeElapsed":499,"timestamp":"2024-11-08T14:43:13.466Z"}
{"level":"info","message":"⌛ Validating practica.wlk","timeElapsed":504,"timestamp":"2024-11-08T14:43:13.976Z"}
{"level":"info","message":"⌛ Building environment","timeElapsed":492,"timestamp":"2024-11-08T14:43:14.469Z"}
{"level":"info","message":"⌛ Validating practica.wlk","timeElapsed":480,"timestamp":"2024-11-08T14:43:14.951Z"}
{"level":"info","message":"⌛ Building environment","timeElapsed":322,"timestamp":"2024-11-08T14:43:15.275Z"}
{"level":"info","message":"⌛ Building environment","timeElapsed":439,"timestamp":"2024-11-08T14:43:15.715Z"}
{"level":"info","message":"⌛ Building environment","timeElapsed":640,"timestamp":"2024-11-08T14:43:16.356Z"}
{"level":"info","message":"⌛ Validating practica.wlk","timeElapsed":387,"timestamp":"2024-11-08T14:43:16.780Z"}
{"level":"info","message":"⌛ Validating practica.wlk","timeElapsed":447,"timestamp":"2024-11-08T14:43:17.237Z"}
{"level":"info","message":"⌛ Building environment","timeElapsed":425,"timestamp":"2024-11-08T14:43:17.664Z"}
{"level":"info","message":"⌛ Building environment","timeElapsed":422,"timestamp":"2024-11-08T14:43:18.086Z"}
{"level":"info","message":"⌛ Validating practica.wlk","timeElapsed":889,"timestamp":"2024-11-08T14:43:18.981Z"}
{"level":"info","message":"⌛ Building environment","timeElapsed":519,"timestamp":"2024-11-08T14:43:19.505Z"}
{"level":"error","message":"✘ Completions for node failed: Error: [Parameter]{b954cc} at practica.wlk:40 exhausted all cases without a match [Parameter]{b954cc} at practica.wlk:40 exhausted all cases without a match","stack":"Error: [Parameter]{b954cc} at practica.wlk:40 exhausted all cases without a match\n    at /home/bruno/.vscode/extensions/uqbar.wollok-lsp-ide-0.3.6/out/server/src/server.js:38:6067\n    at yh (/home/bruno/.vscode/extensions/uqbar.wollok-lsp-ide-0.3.6/out/server/src/server.js:2291:42)\n    at /home/bruno/.vscode/extensions/uqbar.wollok-lsp-ide-0.3.6/out/server/src/server.js:2291:2700\n    at /home/bruno/.vscode/extensions/uqbar.wollok-lsp-ide-0.3.6/out/server/src/server.js:2298:3774\n    at /home/bruno/.vscode/extensions/uqbar.wollok-lsp-ide-0.3.6/out/server/src/server.js:37:74872\n    at Fe (/home/bruno/.vscode/extensions/uqbar.wollok-lsp-ide-0.3.6/out/server/src/server.js:7:8527)\n    at Pt (/home/bruno/.vscode/extensions/uqbar.wollok-lsp-ide-0.3.6/out/server/src/server.js:7:6189)\n    at Gi (/home/bruno/.vscode/extensions/uqbar.wollok-lsp-ide-0.3.6/out/server/src/server.js:7:6378)\n    at Immediate._onImmediate (/home/bruno/.vscode/extensions/uqbar.wollok-lsp-ide-0.3.6/out/server/src/server.js:7:6142)\n    at process.processImmediate (node:internal/timers:483:21)","timestamp":"2024-11-08T14:43:19.551Z"}
{"level":"info","message":"⌛ Building environment","timeElapsed":319,"timestamp":"2024-11-08T14:43:19.884Z"}
{"level":"info","message":"⌛ Building environment","timeElapsed":362,"timestamp":"2024-11-08T14:43:20.253Z"}
{"level":"info","message":"⌛ Building environment","timeElapsed":261,"timestamp":"2024-11-08T14:43:20.540Z"}
{"level":"info","message":"⌛ Building environment","timeElapsed":295,"timestamp":"2024-11-08T14:43:20.837Z"}
{"level":"info","message":"⌛ Validating practica.wlk","timeElapsed":555,"timestamp":"2024-11-08T14:43:21.394Z"}
{"level":"info","message":"⌛ Validating practica.wlk","timeElapsed":517,"timestamp":"2024-11-08T14:43:21.923Z"}
{"level":"info","message":"⌛ Validating practica.wlk","timeElapsed":499,"timestamp":"2024-11-08T14:43:22.424Z"}
{"level":"info","message":"⌛ Validating practica.wlk","timeElapsed":444,"timestamp":"2024-11-08T14:43:22.869Z"}
{"level":"info","message":"⌛ Building environment","timeElapsed":304,"timestamp":"2024-11-08T14:43:23.179Z"}
{"level":"info","message":"⌛ Validating practica.wlk","timeElapsed":326,"timestamp":"2024-11-08T14:43:23.506Z"}
{"level":"info","message":"⌛ Building environment","timeElapsed":374,"timestamp":"2024-11-08T14:43:23.897Z"}
{"level":"info","message":"⌛ Validating practica.wlk","timeElapsed":774,"timestamp":"2024-11-08T14:43:24.689Z"}
{"level":"info","message":"⌛ Building environment","timeElapsed":326,"timestamp":"2024-11-08T14:43:25.024Z"}
{"level":"info","message":"⌛ Building environment","timeElapsed":292,"timestamp":"2024-11-08T14:43:25.319Z"}
{"level":"info","message":"⌛ Building environment","timeElapsed":333,"timestamp":"2024-11-08T14:43:25.658Z"}
{"level":"info","message":"⌛ Building environment","timeElapsed":250,"timestamp":"2024-11-08T14:43:25.911Z"}
{"level":"info","message":"⌛ Building environment","timeElapsed":262,"timestamp":"2024-11-08T14:43:26.197Z"}
{"level":"info","message":"⌛ Building environment","timeElapsed":285,"timestamp":"2024-11-08T14:43:26.512Z"}
{"level":"info","message":"⌛ Building environment","timeElapsed":268,"timestamp":"2024-11-08T14:43:26.780Z"}
{"level":"info","message":"⌛ Validating practica.wlk","timeElapsed":1095,"timestamp":"2024-11-08T14:43:27.879Z"}
{"level":"info","message":"⌛ Building environment","timeElapsed":522,"timestamp":"2024-11-08T14:43:28.402Z"}
{"level":"info","message":"⌛ Building environment","timeElapsed":314,"timestamp":"2024-11-08T14:43:28.737Z"}
{"level":"info","message":"⌛ Building environment","timeElapsed":278,"timestamp":"2024-11-08T14:43:29.018Z"}
{"level":"info","message":"⌛ Validating practica.wlk","timeElapsed":326,"timestamp":"2024-11-08T14:43:29.347Z"}
{"level":"info","message":"⌛ Building environment","timeElapsed":238,"timestamp":"2024-11-08T14:43:29.586Z"}
{"level":"info","message":"⌛ Building environment","timeElapsed":291,"timestamp":"2024-11-08T14:43:29.879Z"}
{"level":"info","message":"⌛ Building environment","timeElapsed":250,"timestamp":"2024-11-08T14:43:30.131Z"}
{"level":"info","message":"⌛ Validating practica.wlk","timeElapsed":327,"timestamp":"2024-11-08T14:43:30.459Z"}
{"level":"info","message":"⌛ Building environment","timeElapsed":255,"timestamp":"2024-11-08T14:43:30.715Z"}
{"level":"info","message":"⌛ Building environment","timeElapsed":259,"timestamp":"2024-11-08T14:43:30.985Z"}
{"level":"info","message":"⌛ Building environment","timeElapsed":260,"timestamp":"2024-11-08T14:43:31.324Z"}
{"level":"info","message":"⌛ Building environment","timeElapsed":239,"timestamp":"2024-11-08T14:43:31.563Z"}
{"level":"info","message":"⌛ Building environment","timeElapsed":292,"timestamp":"2024-11-08T14:43:31.881Z"}
{"level":"info","message":"⌛ Validating practica.wlk","timeElapsed":451,"timestamp":"2024-11-08T14:43:32.337Z"}
{"level":"info","message":"⌛ Building environment","timeElapsed":261,"timestamp":"2024-11-08T14:43:32.604Z"}
{"level":"info","message":"⌛ Building environment","timeElapsed":234,"timestamp":"2024-11-08T14:43:32.853Z"}
{"level":"info","message":"⌛ Building environment","timeElapsed":282,"timestamp":"2024-11-08T14:43:33.136Z"}
{"level":"info","message":"⌛ Building environment","timeElapsed":423,"timestamp":"2024-11-08T14:43:33.561Z"}
{"level":"info","message":"⌛ Building environment","timeElapsed":265,"timestamp":"2024-11-08T14:43:33.856Z"}
{"level":"info","message":"⌛ Building environment","timeElapsed":287,"timestamp":"2024-11-08T14:43:34.145Z"}
{"level":"info","message":"⌛ Building environment","timeElapsed":428,"timestamp":"2024-11-08T14:43:34.575Z"}
{"level":"info","message":"⌛ Building environment","timeElapsed":286,"timestamp":"2024-11-08T14:43:34.864Z"}
{"level":"info","message":"⌛ Building environment","timeElapsed":282,"timestamp":"2024-11-08T14:43:35.166Z"}
{"level":"info","message":"⌛ Building environment","timeElapsed":307,"timestamp":"2024-11-08T14:43:35.476Z"}
{"level":"info","message":"⌛ Building environment","timeElapsed":347,"timestamp":"2024-11-08T14:43:35.826Z"}
{"level":"info","message":"⌛ Building environment","timeElapsed":2683,"timestamp":"2024-11-08T14:43:38.514Z"}
{"level":"info","message":"⌛ Validating practica.wlk","timeElapsed":771,"timestamp":"2024-11-08T14:43:39.288Z"}
{"level":"info","message":"⌛ Building environment","timeElapsed":311,"timestamp":"2024-11-08T14:43:39.601Z"}
{"level":"info","message":"⌛ Building environment","timeElapsed":299,"timestamp":"2024-11-08T14:43:39.924Z"}
{"level":"info","message":"⌛ Building environment","timeElapsed":350,"timestamp":"2024-11-08T14:43:40.275Z"}
{"level":"info","message":"⌛ Validating practica.wlk","timeElapsed":343,"timestamp":"2024-11-08T14:43:40.631Z"}
{"level":"info","message":"⌛ Validating practica.wlk","timeElapsed":305,"timestamp":"2024-11-08T14:43:40.937Z"}
{"level":"info","message":"⌛ Validating practica.wlk","timeElapsed":439,"timestamp":"2024-11-08T14:43:41.380Z"}
{"level":"info","message":"⌛ Validating practica.wlk","timeElapsed":435,"timestamp":"2024-11-08T14:43:41.819Z"}
{"level":"info","message":"⌛ Validating practica.wlk","timeElapsed":404,"timestamp":"2024-11-08T14:43:42.224Z"}
{"level":"info","message":"⌛ Validating practica.wlk","timeElapsed":447,"timestamp":"2024-11-08T14:43:42.672Z"}
{"level":"info","message":"⌛ Validating practica.wlk","timeElapsed":326,"timestamp":"2024-11-08T14:43:42.999Z"}
{"level":"info","message":"⌛ Validating practica.wlk","timeElapsed":442,"timestamp":"2024-11-08T14:43:43.446Z"}
{"level":"info","message":"⌛ Validating practica.wlk","timeElapsed":548,"timestamp":"2024-11-08T14:43:43.995Z"}
{"level":"info","message":"⌛ Building environment","timeElapsed":290,"timestamp":"2024-11-08T14:43:44.287Z"}
{"level":"info","message":"⌛ Validating practica.wlk","timeElapsed":304,"timestamp":"2024-11-08T14:43:44.659Z"}
{"level":"info","message":"⌛ Building environment","timeElapsed":288,"timestamp":"2024-11-08T14:43:44.950Z"}
{"level":"info","message":"⌛ Building environment","timeElapsed":300,"timestamp":"2024-11-08T14:43:45.256Z"}
{"level":"info","message":"⌛ Building environment","timeElapsed":474,"timestamp":"2024-11-08T14:43:45.771Z"}
{"level":"info","message":"⌛ Building environment","timeElapsed":531,"timestamp":"2024-11-08T14:43:46.312Z"}
{"level":"info","message":"⌛ Building environment","timeElapsed":410,"timestamp":"2024-11-08T14:43:46.727Z"}
{"level":"info","message":"⌛ Building environment","timeElapsed":436,"timestamp":"2024-11-08T14:43:47.164Z"}
{"level":"info","message":"⌛ Building environment","timeElapsed":353,"timestamp":"2024-11-08T14:43:47.518Z"}
{"level":"info","message":"⌛ Building environment","timeElapsed":702,"timestamp":"2024-11-08T14:43:48.221Z"}
{"level":"info","message":"⌛ Building environment","timeElapsed":519,"timestamp":"2024-11-08T14:43:48.746Z"}
{"level":"info","message":"⌛ Building environment","timeElapsed":376,"timestamp":"2024-11-08T14:43:49.163Z"}
{"level":"info","message":"⌛ Building environment","timeElapsed":481,"timestamp":"2024-11-08T14:43:49.649Z"}
{"level":"info","message":"⌛ Validating practica.wlk","timeElapsed":744,"timestamp":"2024-11-08T14:43:50.399Z"}
{"level":"info","message":"⌛ Building environment","timeElapsed":501,"timestamp":"2024-11-08T14:43:50.926Z"}
{"level":"info","message":"⌛ Building environment","timeElapsed":558,"timestamp":"2024-11-08T14:43:51.488Z"}
{"level":"info","message":"⌛ Building environment","timeElapsed":405,"timestamp":"2024-11-08T14:43:51.899Z"}
{"level":"info","message":"⌛ Validating practica.wlk","timeElapsed":435,"timestamp":"2024-11-08T14:43:52.368Z"}
{"level":"info","message":"⌛ Building environment","timeElapsed":435,"timestamp":"2024-11-08T14:43:52.828Z"}
{"level":"info","message":"⌛ Building environment","timeElapsed":544,"timestamp":"2024-11-08T14:43:53.394Z"}
{"level":"info","message":"⌛ Building environment","timeElapsed":679,"timestamp":"2024-11-08T14:43:54.076Z"}
{"level":"info","message":"⌛ Validating practica.wlk","timeElapsed":598,"timestamp":"2024-11-08T14:43:54.691Z"}
{"level":"info","message":"⌛ Building environment","timeElapsed":493,"timestamp":"2024-11-08T14:43:55.195Z"}
{"level":"info","message":"⌛ Validating practica.wlk","timeElapsed":952,"timestamp":"2024-11-08T14:43:56.157Z"}
{"level":"info","message":"⌛ Validating practica.wlk","timeElapsed":654,"timestamp":"2024-11-08T14:43:56.811Z"}
{"level":"info","message":"⌛ Validating practica.wlk","timeElapsed":341,"timestamp":"2024-11-08T14:43:57.161Z"}
{"level":"info","message":"⌛ Validating practica.wlk","timeElapsed":402,"timestamp":"2024-11-08T14:43:57.564Z"}
{"level":"info","message":"⌛ Validating practica.wlk","timeElapsed":477,"timestamp":"2024-11-08T14:43:58.047Z"}
{"level":"info","message":"⌛ Validating practica.wlk","timeElapsed":2894,"timestamp":"2024-11-08T14:44:00.955Z"}
{"level":"info","message":"⌛ Validating practica.wlk","timeElapsed":503,"timestamp":"2024-11-08T14:44:01.458Z"}
{"level":"info","message":"⌛ Validating practica.wlk","timeElapsed":639,"timestamp":"2024-11-08T14:44:02.100Z"}
{"level":"info","message":"⌛ Validating practica.wlk","timeElapsed":353,"timestamp":"2024-11-08T14:44:02.461Z"}
{"level":"info","message":"⌛ Validating practica.wlk","timeElapsed":317,"timestamp":"2024-11-08T14:44:02.779Z"}
{"level":"info","message":"⌛ Validating practica.wlk","timeElapsed":512,"timestamp":"2024-11-08T14:44:03.293Z"}
{"level":"info","message":"⌛ Validating practica.wlk","timeElapsed":437,"timestamp":"2024-11-08T14:44:03.733Z"}
{"level":"info","message":"⌛ Validating practica.wlk","timeElapsed":414,"timestamp":"2024-11-08T14:44:04.149Z"}
{"level":"info","message":"⌛ Validating practica.wlk","timeElapsed":396,"timestamp":"2024-11-08T14:44:04.550Z"}
{"level":"info","message":"⌛ Validating practica.wlk","timeElapsed":456,"timestamp":"2024-11-08T14:44:05.007Z"}
{"level":"info","message":"⌛ Validating practica.wlk","timeElapsed":404,"timestamp":"2024-11-08T14:44:05.412Z"}
{"level":"info","message":"⌛ Building environment","timeElapsed":1674,"timestamp":"2024-11-08T14:44:07.087Z"}
{"level":"info","message":"⌛ Validating practica.wlk","timeElapsed":465,"timestamp":"2024-11-08T14:44:07.584Z"}
{"level":"info","message":"⌛ Building environment","timeElapsed":364,"timestamp":"2024-11-08T14:44:07.949Z"}
{"level":"info","message":"⌛ Validating practica.wlk","timeElapsed":402,"timestamp":"2024-11-08T14:44:08.412Z"}
{"level":"info","message":"⌛ Validating practica.wlk","timeElapsed":375,"timestamp":"2024-11-08T14:44:08.788Z"}
{"level":"info","message":"⌛ Building environment","timeElapsed":251,"timestamp":"2024-11-08T14:44:09.040Z"}
{"level":"info","message":"⌛ Validating practica.wlk","timeElapsed":351,"timestamp":"2024-11-08T14:44:09.392Z"}
{"level":"info","message":"⌛ Building environment","timeElapsed":298,"timestamp":"2024-11-08T14:44:09.691Z"}
{"level":"info","message":"⌛ Building environment","timeElapsed":735,"timestamp":"2024-11-08T14:44:10.430Z"}
{"level":"info","message":"⌛ Building environment","timeElapsed":572,"timestamp":"2024-11-08T14:44:11.007Z"}
{"level":"info","message":"⌛ Validating practica.wlk","timeElapsed":425,"timestamp":"2024-11-08T14:44:11.474Z"}
{"level":"info","message":"⌛ Validating practica.wlk","timeElapsed":358,"timestamp":"2024-11-08T14:44:11.843Z"}
{"level":"info","message":"⌛ Building environment","timeElapsed":380,"timestamp":"2024-11-08T14:44:12.226Z"}
{"level":"info","message":"⌛ Validating practica.wlk","timeElapsed":373,"timestamp":"2024-11-08T14:44:12.676Z"}
{"level":"info","message":"⌛ Building environment","timeElapsed":352,"timestamp":"2024-11-08T14:44:13.031Z"}
{"level":"info","message":"⌛ Building environment","timeElapsed":377,"timestamp":"2024-11-08T14:44:13.464Z"}
{"level":"info","message":"⌛ Building environment","timeElapsed":324,"timestamp":"2024-11-08T14:44:13.790Z"}
{"level":"info","message":"⌛ Validating practica.wlk","timeElapsed":330,"timestamp":"2024-11-08T14:44:14.121Z"}
{"level":"info","message":"⌛ Validating practica.wlk","timeElapsed":331,"timestamp":"2024-11-08T14:44:14.454Z"}
{"level":"info","message":"⌛ Validating practica.wlk","timeElapsed":349,"timestamp":"2024-11-08T14:44:14.820Z"}
{"level":"info","message":"⌛ Building environment","timeElapsed":301,"timestamp":"2024-11-08T14:44:15.122Z"}
{"level":"info","message":"⌛ Validating practica.wlk","timeElapsed":358,"timestamp":"2024-11-08T14:44:15.482Z"}
{"level":"info","message":"⌛ Building environment","timeElapsed":259,"timestamp":"2024-11-08T14:44:15.741Z"}
{"level":"info","message":"⌛ Building environment","timeElapsed":283,"timestamp":"2024-11-08T14:44:16.025Z"}
{"level":"info","message":"⌛ Validating practica.wlk","timeElapsed":587,"timestamp":"2024-11-08T14:44:16.629Z"}
{"level":"info","message":"⌛ Building environment","timeElapsed":298,"timestamp":"2024-11-08T14:44:16.960Z"}
{"level":"info","message":"⌛ Validating practica.wlk","timeElapsed":476,"timestamp":"2024-11-08T14:44:17.455Z"}
{"level":"info","message":"⌛ Building environment","timeElapsed":302,"timestamp":"2024-11-08T14:44:17.758Z"}
{"level":"info","message":"⌛ Building environment","timeElapsed":364,"timestamp":"2024-11-08T14:44:18.141Z"}
{"level":"info","message":"⌛ Building environment","timeElapsed":311,"timestamp":"2024-11-08T14:44:18.455Z"}
{"level":"info","message":"⌛ Building environment","timeElapsed":251,"timestamp":"2024-11-08T14:44:18.714Z"}
{"level":"info","message":"⌛ Building environment","timeElapsed":246,"timestamp":"2024-11-08T14:44:18.982Z"}
{"level":"info","message":"⌛ Validating practica.wlk","timeElapsed":325,"timestamp":"2024-11-08T14:44:19.318Z"}
{"level":"info","message":"⌛ Validating practica.wlk","timeElapsed":307,"timestamp":"2024-11-08T14:44:19.629Z"}
{"level":"info","message":"⌛ Building environment","timeElapsed":238,"timestamp":"2024-11-08T14:44:19.868Z"}
{"level":"info","message":"⌛ Validating practica.wlk","timeElapsed":314,"timestamp":"2024-11-08T14:44:20.183Z"}
{"level":"info","message":"⌛ Building environment","timeElapsed":265,"timestamp":"2024-11-08T14:44:20.457Z"}
{"level":"info","message":"⌛ Building environment","timeElapsed":2304,"timestamp":"2024-11-08T14:44:22.767Z"}
{"level":"info","message":"⌛ Building environment","timeElapsed":294,"timestamp":"2024-11-08T14:44:23.072Z"}
{"level":"info","message":"⌛ Building environment","timeElapsed":255,"timestamp":"2024-11-08T14:44:23.366Z"}
{"level":"info","message":"⌛ Building environment","timeElapsed":273,"timestamp":"2024-11-08T14:44:23.640Z"}
{"level":"info","message":"⌛ Building environment","timeElapsed":251,"timestamp":"2024-11-08T14:44:23.895Z"}
{"level":"info","message":"⌛ Building environment","timeElapsed":236,"timestamp":"2024-11-08T14:44:24.140Z"}
{"level":"info","message":"⌛ Building environment","timeElapsed":265,"timestamp":"2024-11-08T14:44:24.406Z"}
{"level":"info","message":"⌛ Building environment","timeElapsed":251,"timestamp":"2024-11-08T14:44:24.661Z"}
{"level":"info","message":"⌛ Building environment","timeElapsed":241,"timestamp":"2024-11-08T14:44:24.903Z"}
{"level":"info","message":"⌛ Building environment","timeElapsed":225,"timestamp":"2024-11-08T14:44:25.129Z"}
{"level":"info","message":"⌛ Building environment","timeElapsed":267,"timestamp":"2024-11-08T14:44:25.417Z"}
{"level":"info","message":"⌛ Validating practica.wlk","timeElapsed":366,"timestamp":"2024-11-08T14:44:25.794Z"}
{"level":"info","message":"⌛ Validating practica.wlk","timeElapsed":328,"timestamp":"2024-11-08T14:44:26.123Z"}
{"level":"info","message":"⌛ Validating practica.wlk","timeElapsed":336,"timestamp":"2024-11-08T14:44:26.462Z"}
{"level":"info","message":"⌛ Validating practica.wlk","timeElapsed":330,"timestamp":"2024-11-08T14:44:26.792Z"}
{"level":"info","message":"⌛ Validating practica.wlk","timeElapsed":292,"timestamp":"2024-11-08T14:44:27.085Z"}
{"level":"info","message":"⌛ Validating practica.wlk","timeElapsed":327,"timestamp":"2024-11-08T14:44:27.413Z"}
{"level":"info","message":"⌛ Validating practica.wlk","timeElapsed":326,"timestamp":"2024-11-08T14:44:27.740Z"}
{"level":"info","message":"⌛ Validating practica.wlk","timeElapsed":306,"timestamp":"2024-11-08T14:44:28.050Z"}
{"level":"info","message":"⌛ Validating practica.wlk","timeElapsed":341,"timestamp":"2024-11-08T14:44:28.391Z"}
{"level":"info","message":"⌛ Validating practica.wlk","timeElapsed":318,"timestamp":"2024-11-08T14:44:28.710Z"}
{"level":"info","message":"⌛ Validating practica.wlk","timeElapsed":309,"timestamp":"2024-11-08T14:44:29.021Z"}
{"level":"info","message":"⌛ Building environment","timeElapsed":290,"timestamp":"2024-11-08T14:44:29.312Z"}
{"level":"info","message":"⌛ Validating practica.wlk","timeElapsed":331,"timestamp":"2024-11-08T14:44:29.644Z"}
{"level":"info","message":"⌛ Validating practica.wlk","timeElapsed":317,"timestamp":"2024-11-08T14:44:29.973Z"}
{"level":"info","message":"⌛ Validating practica.wlk","timeElapsed":330,"timestamp":"2024-11-08T14:44:30.306Z"}
{"level":"info","message":"⌛ Validating practica.wlk","timeElapsed":296,"timestamp":"2024-11-08T14:44:30.604Z"}
{"level":"info","message":"⌛ Validating practica.wlk","timeElapsed":320,"timestamp":"2024-11-08T14:44:30.924Z"}
{"level":"info","message":"⌛ Building environment","timeElapsed":241,"timestamp":"2024-11-08T14:44:31.169Z"}
{"level":"info","message":"⌛ Building environment","timeElapsed":256,"timestamp":"2024-11-08T14:44:31.453Z"}
{"level":"info","message":"⌛ Building environment","timeElapsed":248,"timestamp":"2024-11-08T14:44:31.703Z"}
{"level":"info","message":"⌛ Validating practica.wlk","timeElapsed":405,"timestamp":"2024-11-08T14:44:32.112Z"}
{"level":"info","message":"⌛ Building environment","timeElapsed":281,"timestamp":"2024-11-08T14:44:32.495Z"}
{"level":"info","message":"⌛ Building environment","timeElapsed":260,"timestamp":"2024-11-08T14:44:32.834Z"}
{"level":"info","message":"⌛ Validating practica.wlk","timeElapsed":303,"timestamp":"2024-11-08T14:44:33.203Z"}
{"level":"info","message":"⌛ Building environment","timeElapsed":276,"timestamp":"2024-11-08T14:44:33.484Z"}
{"level":"info","message":"⌛ Building environment","timeElapsed":245,"timestamp":"2024-11-08T14:44:33.742Z"}
{"level":"info","message":"⌛ Building environment","timeElapsed":251,"timestamp":"2024-11-08T14:44:34.060Z"}
{"level":"info","message":"⌛ Validating practica.wlk","timeElapsed":336,"timestamp":"2024-11-08T14:44:34.398Z"}
{"level":"info","message":"⌛ Building environment","timeElapsed":451,"timestamp":"2024-11-08T14:44:34.850Z"}
{"level":"info","message":"⌛ Building environment","timeElapsed":482,"timestamp":"2024-11-08T14:44:35.336Z"}
{"level":"info","message":"⌛ Building environment","timeElapsed":251,"timestamp":"2024-11-08T14:44:35.588Z"}
{"level":"info","message":"⌛ Autocomplete - Body","timeElapsed":356,"timestamp":"2024-11-08T14:44:36.092Z"}
{"level":"info","message":"⌛ Building environment","timeElapsed":2004,"timestamp":"2024-11-08T14:44:38.115Z"}
{"level":"info","message":"⌛ Building environment","timeElapsed":282,"timestamp":"2024-11-08T14:44:38.401Z"}
{"level":"info","message":"⌛ Building environment","timeElapsed":271,"timestamp":"2024-11-08T14:44:38.724Z"}
{"level":"info","message":"⌛ Building environment","timeElapsed":250,"timestamp":"2024-11-08T14:44:38.976Z"}
{"level":"info","message":"⌛ Building environment","timeElapsed":269,"timestamp":"2024-11-08T14:44:39.268Z"}
{"level":"info","message":"⌛ Building environment","timeElapsed":258,"timestamp":"2024-11-08T14:44:39.527Z"}
{"level":"info","message":"⌛ Building environment","timeElapsed":274,"timestamp":"2024-11-08T14:44:39.803Z"}
{"level":"info","message":"⌛ Building environment","timeElapsed":261,"timestamp":"2024-11-08T14:44:40.084Z"}
{"level":"info","message":"⌛ Building environment","timeElapsed":271,"timestamp":"2024-11-08T14:44:40.368Z"}
{"level":"info","message":"⌛ Building environment","timeElapsed":239,"timestamp":"2024-11-08T14:44:40.635Z"}
{"level":"info","message":"⌛ Building environment","timeElapsed":266,"timestamp":"2024-11-08T14:44:40.905Z"}
{"level":"info","message":"⌛ Building environment","timeElapsed":249,"timestamp":"2024-11-08T14:44:41.156Z"}
{"level":"info","message":"⌛ Building environment","timeElapsed":255,"timestamp":"2024-11-08T14:44:41.428Z"}
{"level":"info","message":"⌛ Building environment","timeElapsed":244,"timestamp":"2024-11-08T14:44:41.673Z"}
{"level":"info","message":"⌛ Building environment","timeElapsed":238,"timestamp":"2024-11-08T14:44:41.913Z"}
{"level":"error","message":"✘ Completions for node failed: Error: [Self]{1c7ff6} at practica.wlk:76 exhausted all cases without a match [Self]{1c7ff6} at practica.wlk:76 exhausted all cases without a match","stack":"Error: [Self]{1c7ff6} at practica.wlk:76 exhausted all cases without a match\n    at /home/bruno/.vscode/extensions/uqbar.wollok-lsp-ide-0.3.6/out/server/src/server.js:38:6067\n    at yh (/home/bruno/.vscode/extensions/uqbar.wollok-lsp-ide-0.3.6/out/server/src/server.js:2291:42)\n    at /home/bruno/.vscode/extensions/uqbar.wollok-lsp-ide-0.3.6/out/server/src/server.js:2291:2700\n    at /home/bruno/.vscode/extensions/uqbar.wollok-lsp-ide-0.3.6/out/server/src/server.js:2298:3774\n    at /home/bruno/.vscode/extensions/uqbar.wollok-lsp-ide-0.3.6/out/server/src/server.js:37:74872\n    at Fe (/home/bruno/.vscode/extensions/uqbar.wollok-lsp-ide-0.3.6/out/server/src/server.js:7:8527)\n    at Pt (/home/bruno/.vscode/extensions/uqbar.wollok-lsp-ide-0.3.6/out/server/src/server.js:7:6189)\n    at Gi (/home/bruno/.vscode/extensions/uqbar.wollok-lsp-ide-0.3.6/out/server/src/server.js:7:6378)\n    at Immediate._onImmediate (/home/bruno/.vscode/extensions/uqbar.wollok-lsp-ide-0.3.6/out/server/src/server.js:7:6142)\n    at process.processImmediate (node:internal/timers:483:21)","timestamp":"2024-11-08T14:44:41.978Z"}
{"level":"info","message":"⌛ Building environment","timeElapsed":251,"timestamp":"2024-11-08T14:44:42.238Z"}
{"level":"info","message":"⌛ Building environment","timeElapsed":336,"timestamp":"2024-11-08T14:44:42.643Z"}
{"level":"info","message":"⌛ Building environment","timeElapsed":270,"timestamp":"2024-11-08T14:44:42.996Z"}
{"level":"info","message":"⌛ Building environment","timeElapsed":261,"timestamp":"2024-11-08T14:44:43.311Z"}
{"level":"info","message":"⌛ Validating practica.wlk","timeElapsed":357,"timestamp":"2024-11-08T14:44:43.681Z"}
{"level":"info","message":"⌛ Building environment","timeElapsed":270,"timestamp":"2024-11-08T14:44:43.952Z"}
{"level":"info","message":"⌛ Building environment","timeElapsed":246,"timestamp":"2024-11-08T14:44:44.264Z"}
{"level":"info","message":"⌛ Building environment","timeElapsed":256,"timestamp":"2024-11-08T14:44:44.521Z"}
{"level":"info","message":"⌛ Building environment","timeElapsed":241,"timestamp":"2024-11-08T14:44:44.764Z"}
{"level":"info","message":"⌛ Validating practica.wlk","timeElapsed":329,"timestamp":"2024-11-08T14:44:45.112Z"}
{"level":"info","message":"⌛ Building environment","timeElapsed":282,"timestamp":"2024-11-08T14:44:45.397Z"}
{"level":"info","message":"⌛ Validating practica.wlk","timeElapsed":321,"timestamp":"2024-11-08T14:44:45.815Z"}
{"level":"info","message":"⌛ Validating practica.wlk","timeElapsed":311,"timestamp":"2024-11-08T14:44:46.127Z"}
{"level":"info","message":"⌛ Building environment","timeElapsed":279,"timestamp":"2024-11-08T14:44:46.406Z"}
{"level":"info","message":"⌛ Building environment","timeElapsed":268,"timestamp":"2024-11-08T14:44:46.694Z"}
{"level":"info","message":"⌛ Building environment","timeElapsed":259,"timestamp":"2024-11-08T14:44:46.954Z"}
{"level":"info","message":"⌛ Validating practica.wlk","timeElapsed":327,"timestamp":"2024-11-08T14:44:47.282Z"}
{"level":"info","message":"⌛ Building environment","timeElapsed":252,"timestamp":"2024-11-08T14:44:47.535Z"}
{"level":"info","message":"⌛ Building environment","timeElapsed":229,"timestamp":"2024-11-08T14:44:47.766Z"}
{"level":"info","message":"⌛ Validating practica.wlk","timeElapsed":319,"timestamp":"2024-11-08T14:44:48.105Z"}
{"level":"info","message":"⌛ Building environment","timeElapsed":287,"timestamp":"2024-11-08T14:44:48.393Z"}
{"level":"info","message":"⌛ Validating practica.wlk","timeElapsed":323,"timestamp":"2024-11-08T14:44:48.746Z"}
{"level":"info","message":"⌛ Building environment","timeElapsed":339,"timestamp":"2024-11-08T14:44:49.085Z"}
{"level":"info","message":"⌛ Building environment","timeElapsed":269,"timestamp":"2024-11-08T14:44:49.383Z"}
{"level":"info","message":"⌛ Building environment","timeElapsed":317,"timestamp":"2024-11-08T14:44:49.702Z"}
{"level":"info","message":"⌛ Validating practica.wlk","timeElapsed":2048,"timestamp":"2024-11-08T14:44:51.754Z"}
{"level":"info","message":"⌛ Building environment","timeElapsed":966,"timestamp":"2024-11-08T14:44:52.721Z"}
{"level":"info","message":"⌛ Building environment","timeElapsed":283,"timestamp":"2024-11-08T14:44:53.007Z"}
{"level":"info","message":"⌛ Building environment","timeElapsed":276,"timestamp":"2024-11-08T14:44:53.285Z"}
{"level":"info","message":"⌛ Validating practica.wlk","timeElapsed":341,"timestamp":"2024-11-08T14:44:53.628Z"}
{"level":"info","message":"⌛ Validating practica.wlk","timeElapsed":604,"timestamp":"2024-11-08T14:44:54.232Z"}
{"level":"info","message":"⌛ Building environment","timeElapsed":271,"timestamp":"2024-11-08T14:44:54.524Z"}
{"level":"info","message":"⌛ Building environment","timeElapsed":260,"timestamp":"2024-11-08T14:44:54.796Z"}
{"level":"info","message":"⌛ Validating practica.wlk","timeElapsed":324,"timestamp":"2024-11-08T14:44:55.121Z"}
{"level":"info","message":"⌛ Validating practica.wlk","timeElapsed":334,"timestamp":"2024-11-08T14:44:55.465Z"}
{"level":"info","message":"⌛ Validating practica.wlk","timeElapsed":334,"timestamp":"2024-11-08T14:44:55.799Z"}
{"level":"info","message":"⌛ Building environment","timeElapsed":264,"timestamp":"2024-11-08T14:44:56.063Z"}
{"level":"info","message":"⌛ Validating practica.wlk","timeElapsed":297,"timestamp":"2024-11-08T14:44:56.389Z"}
{"level":"info","message":"⌛ Validating practica.wlk","timeElapsed":303,"timestamp":"2024-11-08T14:44:56.694Z"}
{"level":"info","message":"⌛ Validating practica.wlk","timeElapsed":299,"timestamp":"2024-11-08T14:44:56.993Z"}
{"level":"info","message":"⌛ Validating practica.wlk","timeElapsed":311,"timestamp":"2024-11-08T14:44:57.308Z"}
{"level":"info","message":"⌛ Validating practica.wlk","timeElapsed":319,"timestamp":"2024-11-08T14:44:57.627Z"}
{"level":"info","message":"⌛ Validating practica.wlk","timeElapsed":326,"timestamp":"2024-11-08T14:44:57.954Z"}
{"level":"info","message":"⌛ Validating practica.wlk","timeElapsed":331,"timestamp":"2024-11-08T14:44:58.286Z"}
{"level":"info","message":"⌛ Validating practica.wlk","timeElapsed":319,"timestamp":"2024-11-08T14:44:58.606Z"}
{"level":"info","message":"⌛ Validating practica.wlk","timeElapsed":348,"timestamp":"2024-11-08T14:44:58.955Z"}
{"level":"info","message":"⌛ Validating practica.wlk","timeElapsed":296,"timestamp":"2024-11-08T14:44:59.252Z"}
{"level":"info","message":"⌛ Validating practica.wlk","timeElapsed":303,"timestamp":"2024-11-08T14:44:59.560Z"}
{"level":"info","message":"⌛ Validating practica.wlk","timeElapsed":340,"timestamp":"2024-11-08T14:44:59.900Z"}
{"level":"info","message":"⌛ Validating practica.wlk","timeElapsed":322,"timestamp":"2024-11-08T14:45:00.223Z"}
{"level":"info","message":"⌛ Validating practica.wlk","timeElapsed":320,"timestamp":"2024-11-08T14:45:00.544Z"}
{"level":"info","message":"⌛ Validating practica.wlk","timeElapsed":336,"timestamp":"2024-11-08T14:45:00.880Z"}
{"level":"info","message":"⌛ Validating practica.wlk","timeElapsed":335,"timestamp":"2024-11-08T14:45:01.217Z"}
{"level":"info","message":"⌛ Validating practica.wlk","timeElapsed":308,"timestamp":"2024-11-08T14:45:01.526Z"}
{"level":"info","message":"⌛ Validating practica.wlk","timeElapsed":348,"timestamp":"2024-11-08T14:45:01.875Z"}
{"level":"info","message":"⌛ Validating practica.wlk","timeElapsed":290,"timestamp":"2024-11-08T14:45:02.165Z"}
{"level":"info","message":"⌛ Validating practica.wlk","timeElapsed":329,"timestamp":"2024-11-08T14:45:02.498Z"}
{"level":"info","message":"⌛ Validating practica.wlk","timeElapsed":320,"timestamp":"2024-11-08T14:45:02.818Z"}
{"level":"info","message":"⌛ Validating practica.wlk","timeElapsed":339,"timestamp":"2024-11-08T14:45:03.157Z"}
{"level":"info","message":"⌛ Validating practica.wlk","timeElapsed":325,"timestamp":"2024-11-08T14:45:03.482Z"}
{"level":"info","message":"⌛ Validating practica.wlk","timeElapsed":314,"timestamp":"2024-11-08T14:45:03.797Z"}
{"level":"info","message":"⌛ Validating practica.wlk","timeElapsed":306,"timestamp":"2024-11-08T14:45:04.104Z"}
{"level":"info","message":"⌛ Validating practica.wlk","timeElapsed":601,"timestamp":"2024-11-08T14:45:04.706Z"}
{"level":"info","message":"⌛ Validating practica.wlk","timeElapsed":334,"timestamp":"2024-11-08T14:45:05.045Z"}
{"level":"info","message":"⌛ Validating practica.wlk","timeElapsed":338,"timestamp":"2024-11-08T14:45:05.383Z"}
{"level":"info","message":"⌛ Validating practica.wlk","timeElapsed":310,"timestamp":"2024-11-08T14:45:05.694Z"}
{"level":"info","message":"⌛ Validating practica.wlk","timeElapsed":313,"timestamp":"2024-11-08T14:45:06.008Z"}
{"level":"info","message":"⌛ Validating practica.wlk","timeElapsed":337,"timestamp":"2024-11-08T14:45:06.345Z"}
{"level":"info","message":"⌛ Validating practica.wlk","timeElapsed":327,"timestamp":"2024-11-08T14:45:06.672Z"}
{"level":"info","message":"⌛ Validating practica.wlk","timeElapsed":319,"timestamp":"2024-11-08T14:45:06.991Z"}
{"level":"info","message":"⌛ Validating practica.wlk","timeElapsed":321,"timestamp":"2024-11-08T14:45:07.312Z"}
{"level":"info","message":"⌛ Validating practica.wlk","timeElapsed":312,"timestamp":"2024-11-08T14:45:07.625Z"}
{"level":"info","message":"⌛ Validating practica.wlk","timeElapsed":297,"timestamp":"2024-11-08T14:45:07.922Z"}
{"level":"info","message":"⌛ Validating practica.wlk","timeElapsed":305,"timestamp":"2024-11-08T14:45:08.231Z"}
{"level":"info","message":"⌛ Validating practica.wlk","timeElapsed":316,"timestamp":"2024-11-08T14:45:08.548Z"}
{"level":"info","message":"⌛ Validating practica.wlk","timeElapsed":320,"timestamp":"2024-11-08T14:45:08.868Z"}
{"level":"info","message":"⌛ Validating practica.wlk","timeElapsed":313,"timestamp":"2024-11-08T14:45:09.183Z"}
{"level":"info","message":"⌛ Validating practica.wlk","timeElapsed":328,"timestamp":"2024-11-08T14:45:09.511Z"}
{"level":"info","message":"⌛ Validating practica.wlk","timeElapsed":334,"timestamp":"2024-11-08T14:45:09.845Z"}
{"level":"info","message":"⌛ Validating practica.wlk","timeElapsed":306,"timestamp":"2024-11-08T14:45:10.152Z"}
{"level":"info","message":"⌛ Validating practica.wlk","timeElapsed":326,"timestamp":"2024-11-08T14:45:10.478Z"}
{"level":"info","message":"⌛ Validating practica.wlk","timeElapsed":330,"timestamp":"2024-11-08T14:45:10.809Z"}
{"level":"info","message":"⌛ Validating practica.wlk","timeElapsed":314,"timestamp":"2024-11-08T14:45:11.125Z"}
{"level":"info","message":"⌛ Validating practica.wlk","timeElapsed":347,"timestamp":"2024-11-08T14:45:11.472Z"}
{"level":"info","message":"⌛ Validating practica.wlk","timeElapsed":360,"timestamp":"2024-11-08T14:45:11.833Z"}
{"level":"info","message":"⌛ Validating practica.wlk","timeElapsed":311,"timestamp":"2024-11-08T14:45:12.144Z"}
{"level":"info","message":"⌛ Validating practica.wlk","timeElapsed":319,"timestamp":"2024-11-08T14:45:12.463Z"}
{"level":"info","message":"⌛ Validating practica.wlk","timeElapsed":329,"timestamp":"2024-11-08T14:45:12.793Z"}
{"level":"info","message":"⌛ Validating practica.wlk","timeElapsed":339,"timestamp":"2024-11-08T14:45:13.137Z"}
{"level":"info","message":"⌛ Validating practica.wlk","timeElapsed":328,"timestamp":"2024-11-08T14:45:13.467Z"}
{"level":"info","message":"⌛ Validating practica.wlk","timeElapsed":330,"timestamp":"2024-11-08T14:45:13.798Z"}
{"level":"info","message":"⌛ Validating practica.wlk","timeElapsed":335,"timestamp":"2024-11-08T14:45:14.133Z"}
{"level":"info","message":"⌛ Validating practica.wlk","timeElapsed":332,"timestamp":"2024-11-08T14:45:14.465Z"}
{"level":"info","message":"⌛ Validating practica.wlk","timeElapsed":314,"timestamp":"2024-11-08T14:45:14.780Z"}
{"level":"info","message":"⌛ Validating practica.wlk","timeElapsed":299,"timestamp":"2024-11-08T14:45:15.080Z"}
{"level":"info","message":"⌛ Validating practica.wlk","timeElapsed":301,"timestamp":"2024-11-08T14:45:15.381Z"}
{"level":"info","message":"⌛ Validating practica.wlk","timeElapsed":337,"timestamp":"2024-11-08T14:45:15.719Z"}
{"level":"info","message":"⌛ Validating practica.wlk","timeElapsed":317,"timestamp":"2024-11-08T14:45:16.037Z"}
{"level":"info","message":"⌛ Validating practica.wlk","timeElapsed":304,"timestamp":"2024-11-08T14:45:16.342Z"}
{"level":"info","message":"⌛ Validating practica.wlk","timeElapsed":296,"timestamp":"2024-11-08T14:45:16.638Z"}
{"level":"info","message":"⌛ Validating practica.wlk","timeElapsed":300,"timestamp":"2024-11-08T14:45:16.938Z"}
{"level":"info","message":"⌛ Validating practica.wlk","timeElapsed":308,"timestamp":"2024-11-08T14:45:17.246Z"}
{"level":"info","message":"⌛ Validating practica.wlk","timeElapsed":601,"timestamp":"2024-11-08T14:45:17.851Z"}
{"level":"info","message":"⌛ Validating practica.wlk","timeElapsed":307,"timestamp":"2024-11-08T14:45:18.159Z"}
{"level":"info","message":"⌛ Validating practica.wlk","timeElapsed":293,"timestamp":"2024-11-08T14:45:18.457Z"}
{"level":"info","message":"⌛ Validating practica.wlk","timeElapsed":300,"timestamp":"2024-11-08T14:45:18.757Z"}
{"level":"info","message":"⌛ Validating practica.wlk","timeElapsed":334,"timestamp":"2024-11-08T14:45:19.092Z"}
{"level":"info","message":"⌛ Building environment","timeElapsed":495,"timestamp":"2024-11-08T14:45:28.151Z"}
{"level":"info","message":"⌛ Building environment","timeElapsed":260,"timestamp":"2024-11-08T14:45:28.415Z"}
{"level":"info","message":"⌛ Validating practica.wlk","timeElapsed":446,"timestamp":"2024-11-08T14:45:28.888Z"}
{"level":"info","message":"⌛ Validating practica.wlk","timeElapsed":842,"timestamp":"2024-11-08T14:45:29.749Z"}
{"level":"info","message":"⌛ Building environment","timeElapsed":514,"timestamp":"2024-11-08T14:45:30.265Z"}
{"level":"info","message":"⌛ Building environment","timeElapsed":282,"timestamp":"2024-11-08T14:45:30.549Z"}
{"level":"info","message":"⌛ Building environment","timeElapsed":521,"timestamp":"2024-11-08T14:45:31.146Z"}
{"level":"info","message":"⌛ Building environment","timeElapsed":798,"timestamp":"2024-11-08T14:45:31.953Z"}
{"level":"info","message":"⌛ Building environment","timeElapsed":329,"timestamp":"2024-11-08T14:45:32.309Z"}
{"level":"info","message":"⌛ Building environment","timeElapsed":306,"timestamp":"2024-11-08T14:45:32.619Z"}
{"level":"info","message":"⌛ Validating practica.wlk","timeElapsed":394,"timestamp":"2024-11-08T14:45:33.023Z"}
{"level":"info","message":"⌛ Validating practica.wlk","timeElapsed":335,"timestamp":"2024-11-08T14:45:33.401Z"}
{"level":"info","message":"onRequest - completionItem/resolve","timestamp":"2024-11-08T14:45:33.402Z"}
{"level":"info","message":"⌛ Validating practica.wlk","timeElapsed":383,"timestamp":"2024-11-08T14:45:33.786Z"}
{"level":"info","message":"⌛ Validating practica.wlk","timeElapsed":411,"timestamp":"2024-11-08T14:45:34.198Z"}
{"level":"info","message":"⌛ Validating practica.wlk","timeElapsed":362,"timestamp":"2024-11-08T14:45:34.560Z"}
{"level":"info","message":"⌛ Validating practica.wlk","timeElapsed":727,"timestamp":"2024-11-08T14:45:35.287Z"}
{"level":"info","message":"⌛ Building environment","timeElapsed":383,"timestamp":"2024-11-08T14:45:43.126Z"}
{"level":"info","message":"⌛ Building environment","timeElapsed":694,"timestamp":"2024-11-08T14:45:43.827Z"}
{"level":"info","message":"⌛ Validating practica.wlk","timeElapsed":405,"timestamp":"2024-11-08T14:45:44.265Z"}
{"level":"info","message":"⌛ Validating practica.wlk","timeElapsed":405,"timestamp":"2024-11-08T14:45:44.683Z"}
{"level":"info","message":"⌛ Building environment","timeElapsed":432,"timestamp":"2024-11-08T14:46:04.473Z"}
{"level":"info","message":"⌛ Validating practica.wlk","timeElapsed":397,"timestamp":"2024-11-08T14:46:04.888Z"}
{"level":"info","message":"⌛ Building environment","timeElapsed":500,"timestamp":"2024-11-08T14:46:07.318Z"}
{"level":"info","message":"⌛ Building environment","timeElapsed":384,"timestamp":"2024-11-08T14:46:07.720Z"}
{"level":"info","message":"⌛ Building environment","timeElapsed":284,"timestamp":"2024-11-08T14:46:08.112Z"}
{"level":"info","message":"⌛ Validating practica.wlk","timeElapsed":391,"timestamp":"2024-11-08T14:46:08.504Z"}
{"level":"info","message":"⌛ Building environment","timeElapsed":285,"timestamp":"2024-11-08T14:46:08.792Z"}
{"level":"info","message":"⌛ Building environment","timeElapsed":253,"timestamp":"2024-11-08T14:46:09.048Z"}
{"level":"info","message":"⌛ Building environment","timeElapsed":371,"timestamp":"2024-11-08T14:46:09.439Z"}
{"level":"info","message":"⌛ Validating practica.wlk","timeElapsed":445,"timestamp":"2024-11-08T14:46:09.886Z"}
{"level":"info","message":"onRequest - completionItem/resolve","timestamp":"2024-11-08T14:46:09.894Z"}
{"level":"info","message":"⌛ Validating practica.wlk","timeElapsed":585,"timestamp":"2024-11-08T14:46:10.513Z"}
{"level":"info","message":"⌛ Building environment","timeElapsed":393,"timestamp":"2024-11-08T14:46:10.907Z"}
{"level":"info","message":"⌛ Validating practica.wlk","timeElapsed":420,"timestamp":"2024-11-08T14:46:11.339Z"}
{"level":"info","message":"⌛ Validating practica.wlk","timeElapsed":351,"timestamp":"2024-11-08T14:46:11.690Z"}
{"level":"info","message":"⌛ Building environment","timeElapsed":288,"timestamp":"2024-11-08T14:46:11.982Z"}
{"level":"error","message":"✘ Completions for node failed: Error: q [Variable]{b1a4b8} at practica.wlk:75 exhausted all cases without a match q [Variable]{b1a4b8} at practica.wlk:75 exhausted all cases without a match","stack":"Error: q [Variable]{b1a4b8} at practica.wlk:75 exhausted all cases without a match\n    at /home/bruno/.vscode/extensions/uqbar.wollok-lsp-ide-0.3.6/out/server/src/server.js:38:6067\n    at yh (/home/bruno/.vscode/extensions/uqbar.wollok-lsp-ide-0.3.6/out/server/src/server.js:2291:42)\n    at /home/bruno/.vscode/extensions/uqbar.wollok-lsp-ide-0.3.6/out/server/src/server.js:2291:2700\n    at /home/bruno/.vscode/extensions/uqbar.wollok-lsp-ide-0.3.6/out/server/src/server.js:2298:3774\n    at /home/bruno/.vscode/extensions/uqbar.wollok-lsp-ide-0.3.6/out/server/src/server.js:37:74872\n    at Fe (/home/bruno/.vscode/extensions/uqbar.wollok-lsp-ide-0.3.6/out/server/src/server.js:7:8527)\n    at Pt (/home/bruno/.vscode/extensions/uqbar.wollok-lsp-ide-0.3.6/out/server/src/server.js:7:6189)\n    at Gi (/home/bruno/.vscode/extensions/uqbar.wollok-lsp-ide-0.3.6/out/server/src/server.js:7:6378)\n    at Immediate._onImmediate (/home/bruno/.vscode/extensions/uqbar.wollok-lsp-ide-0.3.6/out/server/src/server.js:7:6142)\n    at process.processImmediate (node:internal/timers:483:21)","timestamp":"2024-11-08T14:46:12.092Z"}
{"level":"info","message":"⌛ Building environment","timeElapsed":508,"timestamp":"2024-11-08T14:46:12.614Z"}
{"level":"info","message":"⌛ Validating practica.wlk","timeElapsed":561,"timestamp":"2024-11-08T14:46:13.178Z"}
{"level":"info","message":"⌛ Building environment","timeElapsed":314,"timestamp":"2024-11-08T14:46:13.493Z"}
{"level":"info","message":"⌛ Building environment","timeElapsed":364,"timestamp":"2024-11-08T14:46:13.859Z"}
{"level":"info","message":"⌛ Building environment","timeElapsed":334,"timestamp":"2024-11-08T14:46:14.230Z"}
{"level":"info","message":"⌛ Building environment","timeElapsed":344,"timestamp":"2024-11-08T14:46:14.588Z"}
{"level":"info","message":"⌛ Validating practica.wlk","timeElapsed":608,"timestamp":"2024-11-08T14:46:15.201Z"}
{"level":"info","message":"⌛ Building environment","timeElapsed":531,"timestamp":"2024-11-08T14:46:15.734Z"}
{"level":"info","message":"⌛ Building environment","timeElapsed":283,"timestamp":"2024-11-08T14:46:16.034Z"}
{"level":"info","message":"⌛ Building environment","timeElapsed":335,"timestamp":"2024-11-08T14:46:16.404Z"}
{"level":"info","message":"⌛ Validating practica.wlk","timeElapsed":502,"timestamp":"2024-11-08T14:46:16.906Z"}
{"level":"info","message":"⌛ Building environment","timeElapsed":296,"timestamp":"2024-11-08T14:46:17.211Z"}
{"level":"info","message":"⌛ Building environment","timeElapsed":390,"timestamp":"2024-11-08T14:46:17.602Z"}
{"level":"info","message":"⌛ Building environment","timeElapsed":373,"timestamp":"2024-11-08T14:46:17.994Z"}
{"level":"info","message":"⌛ Validating practica.wlk","timeElapsed":512,"timestamp":"2024-11-08T14:46:18.507Z"}
{"level":"info","message":"⌛ Building environment","timeElapsed":294,"timestamp":"2024-11-08T14:46:18.815Z"}
{"level":"error","message":"✘ Completions for node failed: Error: queConstrui [Variable]{7b1e46} at practica.wlk:75 exhausted all cases without a match queConstrui [Variable]{7b1e46} at practica.wlk:75 exhausted all cases without a match","stack":"Error: queConstrui [Variable]{7b1e46} at practica.wlk:75 exhausted all cases without a match\n    at /home/bruno/.vscode/extensions/uqbar.wollok-lsp-ide-0.3.6/out/server/src/server.js:38:6067\n    at yh (/home/bruno/.vscode/extensions/uqbar.wollok-lsp-ide-0.3.6/out/server/src/server.js:2291:42)\n    at /home/bruno/.vscode/extensions/uqbar.wollok-lsp-ide-0.3.6/out/server/src/server.js:2291:2700\n    at /home/bruno/.vscode/extensions/uqbar.wollok-lsp-ide-0.3.6/out/server/src/server.js:2298:3774\n    at /home/bruno/.vscode/extensions/uqbar.wollok-lsp-ide-0.3.6/out/server/src/server.js:37:74872\n    at Fe (/home/bruno/.vscode/extensions/uqbar.wollok-lsp-ide-0.3.6/out/server/src/server.js:7:8527)\n    at Pt (/home/bruno/.vscode/extensions/uqbar.wollok-lsp-ide-0.3.6/out/server/src/server.js:7:6189)\n    at Gi (/home/bruno/.vscode/extensions/uqbar.wollok-lsp-ide-0.3.6/out/server/src/server.js:7:6378)\n    at Immediate._onImmediate (/home/bruno/.vscode/extensions/uqbar.wollok-lsp-ide-0.3.6/out/server/src/server.js:7:6142)\n    at process.processImmediate (node:internal/timers:483:21)","timestamp":"2024-11-08T14:46:18.901Z"}
{"level":"info","message":"⌛ Validating practica.wlk","timeElapsed":562,"timestamp":"2024-11-08T14:46:19.472Z"}
{"level":"info","message":"⌛ Building environment","timeElapsed":449,"timestamp":"2024-11-08T14:46:19.921Z"}
{"level":"info","message":"⌛ Validating practica.wlk","timeElapsed":329,"timestamp":"2024-11-08T14:46:20.252Z"}
{"level":"info","message":"⌛ Building environment","timeElapsed":1138,"timestamp":"2024-11-08T14:46:21.400Z"}
{"level":"info","message":"⌛ Validating practica.wlk","timeElapsed":374,"timestamp":"2024-11-08T14:46:21.791Z"}
{"level":"info","message":"⌛ Building environment","timeElapsed":317,"timestamp":"2024-11-08T14:46:22.110Z"}
{"level":"info","message":"⌛ Validating practica.wlk","timeElapsed":414,"timestamp":"2024-11-08T14:46:22.525Z"}
{"level":"info","message":"⌛ Building environment","timeElapsed":321,"timestamp":"2024-11-08T14:46:22.860Z"}
{"level":"info","message":"⌛ Validating practica.wlk","timeElapsed":524,"timestamp":"2024-11-08T14:46:23.405Z"}
{"level":"info","message":"⌛ Validating practica.wlk","timeElapsed":389,"timestamp":"2024-11-08T14:46:23.797Z"}
{"level":"info","message":"⌛ Validating practica.wlk","timeElapsed":303,"timestamp":"2024-11-08T14:46:24.103Z"}
{"level":"info","message":"⌛ Validating practica.wlk","timeElapsed":358,"timestamp":"2024-11-08T14:46:24.462Z"}
{"level":"info","message":"⌛ Validating practica.wlk","timeElapsed":366,"timestamp":"2024-11-08T14:46:24.863Z"}
{"level":"info","message":"⌛ Validating practica.wlk","timeElapsed":365,"timestamp":"2024-11-08T14:46:25.232Z"}
{"level":"info","message":"⌛ Building environment","timeElapsed":258,"timestamp":"2024-11-08T14:46:25.490Z"}
{"level":"info","message":"⌛ Validating practica.wlk","timeElapsed":347,"timestamp":"2024-11-08T14:46:25.854Z"}
{"level":"error","message":"✘ Completions for node failed: Error: [Send]{8b2e7b} at practica.wlk:76 exhausted all cases without a match [Send]{8b2e7b} at practica.wlk:76 exhausted all cases without a match","stack":"Error: [Send]{8b2e7b} at practica.wlk:76 exhausted all cases without a match\n    at /home/bruno/.vscode/extensions/uqbar.wollok-lsp-ide-0.3.6/out/server/src/server.js:38:6067\n    at yh (/home/bruno/.vscode/extensions/uqbar.wollok-lsp-ide-0.3.6/out/server/src/server.js:2291:42)\n    at kh (/home/bruno/.vscode/extensions/uqbar.wollok-lsp-ide-0.3.6/out/server/src/server.js:2291:1004)\n    at Y5n (/home/bruno/.vscode/extensions/uqbar.wollok-lsp-ide-0.3.6/out/server/src/server.js:2291:1160)\n    at /home/bruno/.vscode/extensions/uqbar.wollok-lsp-ide-0.3.6/out/server/src/server.js:38:6056\n    at yh (/home/bruno/.vscode/extensions/uqbar.wollok-lsp-ide-0.3.6/out/server/src/server.js:2291:42)\n    at /home/bruno/.vscode/extensions/uqbar.wollok-lsp-ide-0.3.6/out/server/src/server.js:2291:2700\n    at /home/bruno/.vscode/extensions/uqbar.wollok-lsp-ide-0.3.6/out/server/src/server.js:2298:3774\n    at /home/bruno/.vscode/extensions/uqbar.wollok-lsp-ide-0.3.6/out/server/src/server.js:37:74872\n    at Fe (/home/bruno/.vscode/extensions/uqbar.wollok-lsp-ide-0.3.6/out/server/src/server.js:7:8527)","timestamp":"2024-11-08T14:46:25.903Z"}
{"level":"info","message":"⌛ Building environment","timeElapsed":268,"timestamp":"2024-11-08T14:46:26.184Z"}
{"level":"info","message":"⌛ Building environment","timeElapsed":288,"timestamp":"2024-11-08T14:46:26.473Z"}
{"level":"info","message":"⌛ Building environment","timeElapsed":495,"timestamp":"2024-11-08T14:46:26.979Z"}
{"level":"info","message":"⌛ Validating practica.wlk","timeElapsed":615,"timestamp":"2024-11-08T14:46:27.603Z"}
{"level":"info","message":"⌛ Building environment","timeElapsed":402,"timestamp":"2024-11-08T14:46:28.021Z"}
{"level":"info","message":"⌛ Building environment","timeElapsed":288,"timestamp":"2024-11-08T14:46:28.310Z"}
{"level":"info","message":"⌛ Building environment","timeElapsed":415,"timestamp":"2024-11-08T14:46:28.727Z"}
{"level":"info","message":"⌛ Building environment","timeElapsed":274,"timestamp":"2024-11-08T14:46:29.034Z"}
{"level":"info","message":"⌛ Building environment","timeElapsed":255,"timestamp":"2024-11-08T14:46:29.290Z"}
{"level":"info","message":"⌛ Building environment","timeElapsed":306,"timestamp":"2024-11-08T14:46:29.597Z"}
{"level":"info","message":"⌛ Building environment","timeElapsed":350,"timestamp":"2024-11-08T14:46:29.951Z"}
{"level":"info","message":"⌛ Validating practica.wlk","timeElapsed":428,"timestamp":"2024-11-08T14:46:30.395Z"}
{"level":"info","message":"⌛ Validating practica.wlk","timeElapsed":397,"timestamp":"2024-11-08T14:46:30.794Z"}
{"level":"info","message":"⌛ Validating practica.wlk","timeElapsed":665,"timestamp":"2024-11-08T14:46:31.461Z"}
{"level":"info","message":"⌛ Building environment","timeElapsed":302,"timestamp":"2024-11-08T14:46:31.764Z"}
{"level":"info","message":"⌛ Validating practica.wlk","timeElapsed":460,"timestamp":"2024-11-08T14:46:32.238Z"}
{"level":"info","message":"⌛ Validating practica.wlk","timeElapsed":412,"timestamp":"2024-11-08T14:46:32.650Z"}
{"level":"info","message":"⌛ Building environment","timeElapsed":878,"timestamp":"2024-11-08T14:46:33.535Z"}
{"level":"info","message":"⌛ Validating practica.wlk","timeElapsed":574,"timestamp":"2024-11-08T14:46:34.111Z"}
{"level":"info","message":"⌛ Building environment","timeElapsed":423,"timestamp":"2024-11-08T14:46:34.606Z"}
{"level":"info","message":"⌛ Building environment","timeElapsed":378,"timestamp":"2024-11-08T14:46:34.988Z"}
{"level":"info","message":"⌛ Building environment","timeElapsed":368,"timestamp":"2024-11-08T14:46:35.359Z"}
{"level":"info","message":"⌛ Validating practica.wlk","timeElapsed":372,"timestamp":"2024-11-08T14:46:35.732Z"}
{"level":"info","message":"⌛ Validating practica.wlk","timeElapsed":329,"timestamp":"2024-11-08T14:46:36.073Z"}
{"level":"info","message":"⌛ Validating practica.wlk","timeElapsed":395,"timestamp":"2024-11-08T14:46:36.468Z"}
{"level":"info","message":"⌛ Validating practica.wlk","timeElapsed":420,"timestamp":"2024-11-08T14:46:36.891Z"}
{"level":"info","message":"⌛ Validating practica.wlk","timeElapsed":373,"timestamp":"2024-11-08T14:46:37.265Z"}
{"level":"info","message":"⌛ Validating practica.wlk","timeElapsed":338,"timestamp":"2024-11-08T14:46:37.604Z"}
{"level":"info","message":"⌛ Building environment","timeElapsed":268,"timestamp":"2024-11-08T14:46:37.873Z"}
{"level":"info","message":"⌛ Validating practica.wlk","timeElapsed":491,"timestamp":"2024-11-08T14:46:38.393Z"}
{"level":"info","message":"⌛ Building environment","timeElapsed":366,"timestamp":"2024-11-08T14:46:38.765Z"}
{"level":"info","message":"⌛ Building environment","timeElapsed":359,"timestamp":"2024-11-08T14:46:39.147Z"}
{"level":"info","message":"⌛ Validating practica.wlk","timeElapsed":414,"timestamp":"2024-11-08T14:46:39.562Z"}
{"level":"info","message":"⌛ Building environment","timeElapsed":717,"timestamp":"2024-11-08T14:46:40.450Z"}
{"level":"info","message":"⌛ Building environment","timeElapsed":394,"timestamp":"2024-11-08T14:46:40.870Z"}
{"level":"info","message":"⌛ Building environment","timeElapsed":309,"timestamp":"2024-11-08T14:46:41.182Z"}
{"level":"info","message":"⌛ Validating practica.wlk","timeElapsed":565,"timestamp":"2024-11-08T14:46:41.771Z"}
{"level":"info","message":"⌛ Building environment","timeElapsed":297,"timestamp":"2024-11-08T14:46:42.076Z"}
{"level":"info","message":"⌛ Building environment","timeElapsed":343,"timestamp":"2024-11-08T14:46:42.423Z"}
{"level":"info","message":"⌛ Building environment","timeElapsed":272,"timestamp":"2024-11-08T14:46:42.697Z"}
{"level":"info","message":"⌛ Building environment","timeElapsed":278,"timestamp":"2024-11-08T14:46:42.987Z"}
{"level":"info","message":"⌛ Building environment","timeElapsed":256,"timestamp":"2024-11-08T14:46:43.245Z"}
{"level":"info","message":"⌛ Building environment","timeElapsed":263,"timestamp":"2024-11-08T14:46:43.530Z"}
{"level":"info","message":"⌛ Building environment","timeElapsed":437,"timestamp":"2024-11-08T14:46:43.969Z"}
{"level":"info","message":"⌛ Validating practica.wlk","timeElapsed":347,"timestamp":"2024-11-08T14:46:44.342Z"}
{"level":"info","message":"⌛ Building environment","timeElapsed":284,"timestamp":"2024-11-08T14:46:44.627Z"}
{"level":"info","message":"⌛ Building environment","timeElapsed":848,"timestamp":"2024-11-08T14:46:45.500Z"}
{"level":"info","message":"⌛ Building environment","timeElapsed":318,"timestamp":"2024-11-08T14:46:45.821Z"}
{"level":"info","message":"onRequest - completionItem/resolve","timestamp":"2024-11-08T14:46:45.843Z"}
{"level":"info","message":"⌛ Building environment","timeElapsed":253,"timestamp":"2024-11-08T14:46:46.112Z"}
{"level":"info","message":"onRequest - completionItem/resolve","timestamp":"2024-11-08T14:46:46.113Z"}
{"level":"info","message":"⌛ Building environment","timeElapsed":251,"timestamp":"2024-11-08T14:46:46.365Z"}
{"level":"info","message":"onRequest - completionItem/resolve","timestamp":"2024-11-08T14:46:46.385Z"}
{"level":"info","message":"⌛ Validating practica.wlk","timeElapsed":344,"timestamp":"2024-11-08T14:46:46.729Z"}
{"level":"info","message":"⌛ Building environment","timeElapsed":250,"timestamp":"2024-11-08T14:46:46.984Z"}
{"level":"info","message":"onRequest - completionItem/resolve","timestamp":"2024-11-08T14:46:46.986Z"}
{"level":"info","message":"⌛ Building environment","timeElapsed":265,"timestamp":"2024-11-08T14:46:47.253Z"}
{"level":"info","message":"onRequest - completionItem/resolve","timestamp":"2024-11-08T14:46:47.254Z"}
{"level":"info","message":"⌛ Building environment","timeElapsed":257,"timestamp":"2024-11-08T14:46:47.513Z"}
{"level":"info","message":"onRequest - completionItem/resolve","timestamp":"2024-11-08T14:46:47.515Z"}
{"level":"info","message":"⌛ Validating practica.wlk","timeElapsed":337,"timestamp":"2024-11-08T14:46:47.855Z"}
{"level":"info","message":"⌛ Building environment","timeElapsed":259,"timestamp":"2024-11-08T14:46:48.115Z"}
{"level":"info","message":"onRequest - completionItem/resolve","timestamp":"2024-11-08T14:46:48.141Z"}
{"level":"info","message":"⌛ Validating practica.wlk","timeElapsed":320,"timestamp":"2024-11-08T14:46:48.463Z"}
{"level":"info","message":"⌛ Building environment","timeElapsed":554,"timestamp":"2024-11-08T14:46:49.028Z"}
{"level":"info","message":"⌛ Building environment","timeElapsed":287,"timestamp":"2024-11-08T14:46:49.403Z"}
{"level":"info","message":"⌛ Building environment","timeElapsed":262,"timestamp":"2024-11-08T14:46:49.688Z"}
{"level":"info","message":"⌛ Building environment","timeElapsed":248,"timestamp":"2024-11-08T14:46:49.938Z"}
{"level":"info","message":"⌛ Building environment","timeElapsed":263,"timestamp":"2024-11-08T14:46:50.229Z"}
{"level":"info","message":"⌛ Validating practica.wlk","timeElapsed":309,"timestamp":"2024-11-08T14:46:50.547Z"}
{"level":"info","message":"⌛ Building environment","timeElapsed":290,"timestamp":"2024-11-08T14:46:50.838Z"}
{"level":"info","message":"⌛ Building environment","timeElapsed":257,"timestamp":"2024-11-08T14:46:51.098Z"}
{"level":"info","message":"⌛ Building environment","timeElapsed":256,"timestamp":"2024-11-08T14:46:51.358Z"}
{"level":"info","message":"⌛ Building environment","timeElapsed":1092,"timestamp":"2024-11-08T14:46:52.454Z"}
{"level":"info","message":"⌛ Building environment","timeElapsed":395,"timestamp":"2024-11-08T14:46:52.872Z"}
{"level":"info","message":"⌛ Validating practica.wlk","timeElapsed":496,"timestamp":"2024-11-08T14:46:53.404Z"}
{"level":"info","message":"⌛ Building environment","timeElapsed":289,"timestamp":"2024-11-08T14:46:53.698Z"}
{"level":"info","message":"⌛ Building environment","timeElapsed":448,"timestamp":"2024-11-08T14:46:54.148Z"}
{"level":"info","message":"⌛ Validating practica.wlk","timeElapsed":333,"timestamp":"2024-11-08T14:46:54.482Z"}
{"level":"info","message":"⌛ Building environment","timeElapsed":481,"timestamp":"2024-11-08T14:46:54.972Z"}
{"level":"info","message":"⌛ Building environment","timeElapsed":242,"timestamp":"2024-11-08T14:46:55.215Z"}
{"level":"info","message":"⌛ Building environment","timeElapsed":323,"timestamp":"2024-11-08T14:46:55.547Z"}
{"level":"info","message":"⌛ Building environment","timeElapsed":262,"timestamp":"2024-11-08T14:46:55.810Z"}
{"level":"info","message":"⌛ Validating practica.wlk","timeElapsed":319,"timestamp":"2024-11-08T14:46:56.163Z"}
{"level":"info","message":"⌛ Validating practica.wlk","timeElapsed":317,"timestamp":"2024-11-08T14:46:56.481Z"}
{"level":"info","message":"⌛ Validating practica.wlk","timeElapsed":317,"timestamp":"2024-11-08T14:46:56.799Z"}
{"level":"info","message":"⌛ Validating practica.wlk","timeElapsed":313,"timestamp":"2024-11-08T14:46:57.113Z"}
{"level":"info","message":"⌛ Validating practica.wlk","timeElapsed":330,"timestamp":"2024-11-08T14:46:57.443Z"}
{"level":"info","message":"⌛ Validating practica.wlk","timeElapsed":339,"timestamp":"2024-11-08T14:46:57.783Z"}
{"level":"info","message":"⌛ Validating practica.wlk","timeElapsed":324,"timestamp":"2024-11-08T14:46:58.108Z"}
{"level":"info","message":"⌛ Validating practica.wlk","timeElapsed":311,"timestamp":"2024-11-08T14:46:58.422Z"}
{"level":"info","message":"⌛ Validating practica.wlk","timeElapsed":320,"timestamp":"2024-11-08T14:46:58.743Z"}
{"level":"info","message":"⌛ Validating practica.wlk","timeElapsed":318,"timestamp":"2024-11-08T14:46:59.061Z"}
{"level":"info","message":"⌛ Validating practica.wlk","timeElapsed":317,"timestamp":"2024-11-08T14:46:59.380Z"}
{"level":"info","message":"⌛ Validating practica.wlk","timeElapsed":316,"timestamp":"2024-11-08T14:46:59.696Z"}
{"level":"info","message":"⌛ Validating practica.wlk","timeElapsed":305,"timestamp":"2024-11-08T14:47:00.001Z"}
{"level":"info","message":"⌛ Validating practica.wlk","timeElapsed":309,"timestamp":"2024-11-08T14:47:00.311Z"}
{"level":"info","message":"⌛ Validating practica.wlk","timeElapsed":296,"timestamp":"2024-11-08T14:47:00.607Z"}
{"level":"info","message":"⌛ Validating practica.wlk","timeElapsed":308,"timestamp":"2024-11-08T14:47:00.915Z"}
{"level":"info","message":"⌛ Validating practica.wlk","timeElapsed":315,"timestamp":"2024-11-08T14:47:01.231Z"}
{"level":"info","message":"⌛ Validating practica.wlk","timeElapsed":312,"timestamp":"2024-11-08T14:47:01.544Z"}
{"level":"info","message":"⌛ Validating practica.wlk","timeElapsed":319,"timestamp":"2024-11-08T14:47:01.863Z"}
{"level":"info","message":"⌛ Validating practica.wlk","timeElapsed":321,"timestamp":"2024-11-08T14:47:02.184Z"}
{"level":"info","message":"⌛ Validating practica.wlk","timeElapsed":333,"timestamp":"2024-11-08T14:47:02.518Z"}
{"level":"info","message":"⌛ Validating practica.wlk","timeElapsed":319,"timestamp":"2024-11-08T14:47:02.838Z"}
{"level":"info","message":"⌛ Validating practica.wlk","timeElapsed":295,"timestamp":"2024-11-08T14:47:03.134Z"}
{"level":"info","message":"⌛ Validating practica.wlk","timeElapsed":314,"timestamp":"2024-11-08T14:47:03.449Z"}
{"level":"info","message":"⌛ Validating practica.wlk","timeElapsed":684,"timestamp":"2024-11-08T14:47:04.145Z"}
{"level":"info","message":"⌛ Validating practica.wlk","timeElapsed":337,"timestamp":"2024-11-08T14:47:04.482Z"}
{"level":"info","message":"⌛ Validating practica.wlk","timeElapsed":321,"timestamp":"2024-11-08T14:47:04.804Z"}
{"level":"info","message":"⌛ Validating practica.wlk","timeElapsed":296,"timestamp":"2024-11-08T14:47:05.101Z"}
{"level":"info","message":"⌛ Validating practica.wlk","timeElapsed":304,"timestamp":"2024-11-08T14:47:05.405Z"}
{"level":"info","message":"⌛ Validating practica.wlk","timeElapsed":313,"timestamp":"2024-11-08T14:47:05.719Z"}
{"level":"info","message":"⌛ Validating practica.wlk","timeElapsed":306,"timestamp":"2024-11-08T14:47:06.025Z"}
{"level":"info","message":"⌛ Validating practica.wlk","timeElapsed":304,"timestamp":"2024-11-08T14:47:06.330Z"}
{"level":"info","message":"⌛ Validating practica.wlk","timeElapsed":334,"timestamp":"2024-11-08T14:47:06.665Z"}
{"level":"info","message":"⌛ Validating practica.wlk","timeElapsed":567,"timestamp":"2024-11-08T14:47:07.233Z"}
{"level":"info","message":"⌛ Validating practica.wlk","timeElapsed":1009,"timestamp":"2024-11-08T14:47:08.244Z"}
{"level":"info","message":"⌛ Building environment","timeElapsed":498,"timestamp":"2024-11-08T14:47:14.678Z"}
{"level":"info","message":"⌛ Validating practica.wlk","timeElapsed":376,"timestamp":"2024-11-08T14:47:15.065Z"}
{"level":"info","message":"⌛ Building environment","timeElapsed":1379,"timestamp":"2024-11-08T14:48:05.434Z"}
{"level":"info","message":"⌛ Validating practica.wlk","timeElapsed":576,"timestamp":"2024-11-08T14:48:06.017Z"}
{"level":"info","message":"⌛ Validating modelados.wlk","timeElapsed":584,"timestamp":"2024-11-08T14:48:06.604Z"}
